<?xml version="1.0" encoding="UTF-8"?>
<testsuite name="HelloWorldTest" tests="2" skipped="0" failures="0" errors="0" timestamp="2017-08-04T09:49:03" hostname="ITT-HARSHITHAG" time="0.003">
  <properties/>
  <testcase name="TestHello" classname="HelloWorldTest" time="0.002"/>
  <testcase name="TestHelloworld" classname="HelloWorldTest" time="0.0"/>
  <system-out><![CDATA[]]></system-out>
  <system-err><![CDATA[]]></system-err>
</testsuite>
